<?xml version="1.0" encoding="UTF-8"?>
<!-- Generated by org.testng.reporters.JUnitReportReporter -->
<testsuite hostname="LAPTOP-ROAAEGFV" failures="0" tests="1" name="LoginTest" time="0.398" errors="0" timestamp="2024-12-11T14:43:28 WIB" skipped="0">
  <testcase classname="LoginTest" name="LoginTest" time="0.398"/>
</testsuite> <!-- LoginTest -->
